<?xml version="1.0" encoding="utf-8"?><testsuites name="pytest tests"><testsuite name="pytest" errors="0" failures="0" skipped="0" tests="31" time="11.645" timestamp="2026-08-31T23:50:26.091269+00:00" hostname="agent-env-e2b37994-7e55-4a19-89ac-d560223651d7"><testcase classname="tests.backend_test.TestAuth" name="test_register_returns_token_and_user" time="0.610" /><testcase classname="tests.backend_test.TestDashboard" name="test_dashboard_ranges[today]" time="0.622" /><testcase classname="tests.backend_test.TestDashboard" name="test_dashboard_ranges[week]" time="0.060" /><testcase classname="tests.backend_test.TestDashboard" name="test_dashboard_ranges[month]" time="0.233" /><testcase classname="tests.backend_test.TestDashboard" name="test_dashboard_ranges[year]" time="0.072" /><testcase classname="tests.backend_test.TestAuth" name="test_login_success_and_me" time="0.767" /><testcase classname="tests.backend_test.TestDashboard" name="test_dashboard_aggregates" time="0.403" /><testcase classname="tests.backend_test.TestAuth" name="test_login_invalid_returns_401" time="0.291" /><testcase classname="tests.backend_test.TestVoice" name="test_voice_parse_sale" time="3.219" /><testcase classname="tests.backend_test.TestAuth" name="test_me_without_token_returns_401" time="1.350" /><testcase classname="tests.backend_test.TestAuth" name="test_duplicate_register_returns_409" time="0.102" /><testcase classname="tests.test_taxonomy_voice.TestInventoryTaxonomy" name="test_add_new_inv_category_seeds_7_subcats" time="0.449" /><testcase classname="tests.test_taxonomy_voice.TestInventoryTaxonomy" name="test_add_subcategory_persists" time="0.107" /><testcase classname="tests.test_taxonomy_voice.TestInventoryTaxonomy" name="test_delete_inv_subcategory" time="0.121" /><testcase classname="tests.test_taxonomy_voice.TestInventoryTaxonomy" name="test_delete_inv_category" time="0.126" /><testcase classname="tests.test_taxonomy_voice.TestVoiceDualIntent" name="test_parse_search_intent" time="1.737" /><testcase classname="tests.backend_test.TestVoice" name="test_voice_parse_expense" time="1.955" /><testcase classname="tests.test_taxonomy_voice.TestVoiceDualIntent" name="test_parse_add_product_intent" time="1.614" /><testcase classname="tests.backend_test.TestVoice" name="test_voice_parse_requires_auth" time="0.064" /><testcase classname="tests.backend_test.TestVoice" name="test_voice_transcribe_requires_auth" time="0.183" /><testcase classname="tests.backend_test.TestProducts" name="test_create_list_update_delete" time="0.355" /><testcase classname="tests.backend_test.TestProducts" name="test_products_require_auth" time="0.057" /><testcase classname="tests.backend_test.TestSales" name="test_create_sale_decrements_stock_and_computes_profit" time="0.335" /><testcase classname="tests.test_taxonomy_voice.TestVoiceDualIntent" name="test_parse_sale_intent" time="1.765" /><testcase classname="tests.backend_test.TestSales" name="test_create_sale_empty_items_400" time="0.064" /><testcase classname="tests.test_taxonomy_voice.TestTaxonomyDefaults" name="test_get_taxonomy_seeds_defaults" time="0.601" /><testcase classname="tests.test_taxonomy_voice.TestTaxonomyDefaults" name="test_get_taxonomy_requires_auth" time="0.577" /><testcase classname="tests.backend_test.TestExpenses" name="test_create_list_delete_expense" time="0.245" /><testcase classname="tests.test_taxonomy_voice.TestVoiceDualIntent" name="test_parse_expense_intent" time="2.035" /><testcase classname="tests.test_taxonomy_voice.TestExpenseTaxonomy" name="test_add_and_delete_expense_type" time="0.102" /><testcase classname="tests.test_taxonomy_voice.TestExpenseTaxonomy" name="test_add_and_delete_expense_category" time="0.110" /></testsuite></testsuites>