<?xml version="1.0" encoding="utf-8"?><testsuites name="pytest tests"><testsuite name="pytest" errors="0" failures="0" skipped="0" tests="19" time="8.680" timestamp="2026-08-31T17:31:03.601364+00:00" hostname="agent-env-e2b37994-7e55-4a19-89ac-d560223651d7"><testcase classname="tests.backend_test.TestAuth" name="test_register_returns_token_and_user" time="0.509" /><testcase classname="tests.backend_test.TestDashboard" name="test_dashboard_ranges[today]" time="0.967" /><testcase classname="tests.backend_test.TestAuth" name="test_login_success_and_me" time="0.821" /><testcase classname="tests.backend_test.TestDashboard" name="test_dashboard_ranges[week]" time="0.295" /><testcase classname="tests.backend_test.TestDashboard" name="test_dashboard_ranges[month]" time="0.127" /><testcase classname="tests.backend_test.TestAuth" name="test_login_invalid_returns_401" time="0.337" /><testcase classname="tests.backend_test.TestDashboard" name="test_dashboard_ranges[year]" time="0.244" /><testcase classname="tests.backend_test.TestDashboard" name="test_dashboard_aggregates" time="0.236" /><testcase classname="tests.backend_test.TestAuth" name="test_me_without_token_returns_401" time="0.066" /><testcase classname="tests.backend_test.TestAuth" name="test_duplicate_register_returns_409" time="0.072" /><testcase classname="tests.backend_test.TestProducts" name="test_create_list_update_delete" time="2.088" /><testcase classname="tests.backend_test.TestVoice" name="test_voice_parse_sale" time="4.129" /><testcase classname="tests.backend_test.TestProducts" name="test_products_require_auth" time="0.141" /><testcase classname="tests.backend_test.TestSales" name="test_create_sale_decrements_stock_and_computes_profit" time="0.453" /><testcase classname="tests.backend_test.TestSales" name="test_create_sale_empty_items_400" time="0.095" /><testcase classname="tests.backend_test.TestExpenses" name="test_create_list_delete_expense" time="0.369" /><testcase classname="tests.backend_test.TestVoice" name="test_voice_parse_expense" time="2.001" /><testcase classname="tests.backend_test.TestVoice" name="test_voice_parse_requires_auth" time="0.071" /><testcase classname="tests.backend_test.TestVoice" name="test_voice_transcribe_requires_auth" time="0.234" /></testsuite></testsuites>